<?xml version="1.0" encoding="UTF-8"?>
<beans xmlns="http://www.springframework.org/schema/beans" xmlns:xsi="http://www.w3.org/2001/XMLSchema-instance" xmlns:tx="http://www.springframework.org/schema/tx"
    xmlns:jdbc="http://www.springframework.org/schema/jdbc" xmlns:util="http://www.springframework.org/schema/util"
    xsi:schemaLocation="
        http://www.springframework.org/schema/beans http://www.springframework.org/schema/beans/spring-beans.xsd
        http://www.springframework.org/schema/util http://www.springframework.org/schema/util/spring-util.xsd
        http://www.springframework.org/schema/tx http://www.springframework.org/schema/tx/spring-tx.xsd
        http://www.springframework.org/schema/jdbc http://www.springframework.org/schema/jdbc/spring-jdbc.xsd
    ">

    <bean id="jdbcTemplate" class="org.springframework.jdbc.core.namedparam.NamedParameterJdbcTemplate">
        <constructor-arg>
            <ref bean="dataSource" />
        </constructor-arg>
    </bean>

    <bean id="transactionManager" class="org.springframework.jdbc.datasource.DataSourceTransactionManager">
        <property name="dataSource" ref="dataSource" />
    </bean>
    
    <tx:annotation-driven/>

    <bean id="sqlSessionFactory" class="org.mybatis.spring.SqlSessionFactoryBean">
        <property name="dataSource" ref="dataSource" />
        <property name="typeAliasesPackage" value="org.terasoluna.gfw.mybatis3.test.model" />
        <property name="typeHandlersPackage" value="org.terasoluna.gfw.mybatis3.handlers" />
    </bean>

    <bean class="org.mybatis.spring.mapper.MapperScannerConfigurer">
        <property name="basePackage" value="org.terasoluna.gfw.mybatis3.test.repository" />
    </bean>

    <bean id="dataSource" class="net.sf.log4jdbc.Log4jdbcProxyDataSource">
        <constructor-arg index="0" ref="realDataSource" />
    </bean>

    <beans profile="default h2 postgreql">
        <jdbc:initialize-database data-source="dataSource" ignore-failures="ALL">
            <jdbc:script location="classpath:database/schema.sql" />
            <jdbc:script location="classpath:database/dataload.sql" />
        </jdbc:initialize-database>
    </beans>

    <beans profile="default h2">
        <bean id="realDataSource" class="org.springframework.jdbc.datasource.DriverManagerDataSource">
            <property name="url" value="jdbc:h2:mem:terasolua_gfw_mybatis3;MODE=PostgreSQL;DB_CLOSE_DELAY=-1" />
            <property name="driverClassName" value="org.h2.Driver" />
            <property name="username" value="sa" />
        </bean>
    </beans>

    <beans profile="postgresql">
        <bean id="realDataSource" class="org.springframework.jdbc.datasource.DriverManagerDataSource">
            <property name="url" value="jdbc:postgresql://localhost:5432/terasoluna_gfw_mybatis3" />
            <property name="driverClassName" value="org.postgresql.Driver" />
            <property name="username" value="postgres" />
            <property name="password" value="P0stgres" />
        </bean>
    </beans>

</beans>
